
2월 15, 2022 13:32:43.522 NEW SESSION
2월 15, 2022 13:32:43.522 [10344:10880:0215/133243.521:ERROR:chrome_browser_main_extra_parts_metrics.cc(227)] START: ReportBluetoothAvailability(). If you don't see the END: message, this is crbug.com/1216328.
2월 15, 2022 13:32:43.523 [10344:10880:0215/133243.521:ERROR:chrome_browser_main_extra_parts_metrics.cc(230)] END: ReportBluetoothAvailability()
2월 15, 2022 13:32:43.523 [10344:10880:0215/133243.521:ERROR:chrome_browser_main_extra_parts_metrics.cc(235)] START: GetDefaultBrowser(). If you don't see the END: message, this is crbug.com/1216328.
2월 15, 2022 13:32:43.524 [10344:10880:0215/133243.524:ERROR:chrome_browser_main_extra_parts_metrics.cc(239)] END: GetDefaultBrowser()
2월 15, 2022 13:32:43.578 [10344:2656:0215/133243.577:ERROR:device_event_log_impl.cc(214)] [13:32:43.578] Bluetooth: bluetooth_adapter_winrt.cc:1075 Getting Default Adapter failed.
2월 15, 2022 13:35:21.462 [10344:3656:0215/133521.462:ERROR:database.cc(1777)] Passwords SQLite error: code 2067 errno 0: UNIQUE constraint failed: logins.origin_url, logins.username_element, logins.username_value, logins.password_element, logins.signon_realm sql: INSERT INTO logins (origin_url, action_url, username_element, username_value, password_element, password_value, submit_element, signon_realm, date_created, blacklisted_by_user, scheme, password_type, times_used, form_data, display_name, icon_url, federation_url, skip_zero_click, generation_upload_status, possible_username_pairs, id, date_last_used, moving_blocked_for, date_password_modified) VALUES (?,?,?,?,?,?,?,?,?,?,?,?,?,?,?,?,?,?,?,?,?,?,?,?)
2월 15, 2022 13:51:50.120 [10344:2656:0215/135150.119:ERROR:interface_endpoint_client.cc(658)] Message 1 rejected by interface blink.mojom.WidgetHost
2월 15, 2022 15:46:52.54 [10344:9280:0215/154652.054:ERROR:database.cc(1777)] Passwords SQLite error: code 2067 errno 0: UNIQUE constraint failed: logins.origin_url, logins.username_element, logins.username_value, logins.password_element, logins.signon_realm sql: INSERT INTO logins (origin_url, action_url, username_element, username_value, password_element, password_value, submit_element, signon_realm, date_created, blacklisted_by_user, scheme, password_type, times_used, form_data, display_name, icon_url, federation_url, skip_zero_click, generation_upload_status, possible_username_pairs, id, date_last_used, moving_blocked_for, date_password_modified) VALUES (?,?,?,?,?,?,?,?,?,?,?,?,?,?,?,?,?,?,?,?,?,?,?,?)
2월 15, 2022 16:21:20.738 [10344:2656:0215/162120.737:ERROR:interface_endpoint_client.cc(658)] Message 1 rejected by interface blink.mojom.WidgetHost
2월 15, 2022 19:05:30.536 [10344:11444:0215/190530.535:ERROR:connection_factory_impl.cc(425)] Failed to connect to MCS endpoint with error -106
2월 15, 2022 19:05:34.877 [10344:2656:0215/190534.876:ERROR:device_event_log_impl.cc(214)] [19:05:34.876] USB: usb_service_win.cc:260 Failed to get device driver name: 요소가 없습니다. (0x490)
2월 16, 2022 09:29:37.584 [10344:11444:0216/092937.583:ERROR:connection_factory_impl.cc(425)] Failed to connect to MCS endpoint with error -106
2월 16, 2022 09:29:37.585 [10344:17068:0216/092937.584:ERROR:get_updates_processor.cc(260)] PostClientToServerMessage() failed during GetUpdates with error 2
2월 17, 2022 09:30:45.533 [10344:11444:0217/093045.532:ERROR:connection_factory_impl.cc(425)] Failed to connect to MCS endpoint with error -106
2월 17, 2022 09:30:45.534 [10344:17440:0217/093045.534:ERROR:get_updates_processor.cc(260)] PostClientToServerMessage() failed during GetUpdates with error 2
2월 17, 2022 09:30:50.09 [10344:2656:0217/093050.009:ERROR:device_event_log_impl.cc(214)] [09:30:50.008] USB: usb_service_win.cc:260 Failed to get device driver name: 요소가 없습니다. (0x490)
2월 18, 2022 09:30:25.551 [10344:11444:0218/093025.550:ERROR:connection_factory_impl.cc(425)] Failed to connect to MCS endpoint with error -106
2월 18, 2022 09:30:25.552 [10344:10396:0218/093025.551:ERROR:get_updates_processor.cc(260)] PostClientToServerMessage() failed during GetUpdates with error 2
2월 18, 2022 14:01:35.273 [10344:19724:0218/140135.272:ERROR:database.cc(1777)] Passwords SQLite error: code 2067 errno 0: UNIQUE constraint failed: logins.origin_url, logins.username_element, logins.username_value, logins.password_element, logins.signon_realm sql: INSERT INTO logins (origin_url, action_url, username_element, username_value, password_element, password_value, submit_element, signon_realm, date_created, blacklisted_by_user, scheme, password_type, times_used, form_data, display_name, icon_url, federation_url, skip_zero_click, generation_upload_status, possible_username_pairs, id, date_last_used, moving_blocked_for, date_password_modified) VALUES (?,?,?,?,?,?,?,?,?,?,?,?,?,?,?,?,?,?,?,?,?,?,?,?)
2월 18, 2022 15:38:32.562 [10344:2656:0218/153832.561:ERROR:interface_endpoint_client.cc(658)] Message 0 rejected by interface blink.mojom.WidgetHost
2월 21, 2022 09:29:53.531 [10344:11444:0221/092953.531:ERROR:connection_factory_impl.cc(425)] Failed to connect to MCS endpoint with error -106
2월 21, 2022 09:29:53.554 [10344:8292:0221/092953.554:ERROR:get_updates_processor.cc(260)] PostClientToServerMessage() failed during GetUpdates with error 2
2월 21, 2022 09:29:53.579 [10344:11444:0221/092953.578:ERROR:connection_factory_impl.cc(425)] Failed to connect to MCS endpoint with error -106
2월 21, 2022 22:19:27.581 [10344:18140:0221/221927.580:ERROR:get_updates_processor.cc(260)] PostClientToServerMessage() failed during GetUpdates with error 2
2월 21, 2022 22:19:27.633 [10344:11444:0221/221927.633:ERROR:connection_factory_impl.cc(425)] Failed to connect to MCS endpoint with error -106
2월 22, 2022 09:30:22.562 [10344:11444:0222/093022.562:ERROR:connection_factory_impl.cc(425)] Failed to connect to MCS endpoint with error -106
2월 22, 2022 09:30:22.563 [10344:21188:0222/093022.563:ERROR:get_updates_processor.cc(260)] PostClientToServerMessage() failed during GetUpdates with error 2
2월 22, 2022 09:30:22.624 [10344:11444:0222/093022.624:ERROR:connection_factory_impl.cc(425)] Failed to connect to MCS endpoint with error -106
